Flow report for DE2_115_NIOS_HOST_MOUSE_VGA
Wed Apr 19 00:02:27 2023
Quartus Prime Version 17.0.0 Build 595 04/25/2017 SJ Lite Edition


---------------------
; Table of Contents ;
---------------------
  1. Legal Notice
  2. Flow Summary
  3. Flow Settings
  4. Flow Non-Default Global Settings
  5. Flow Elapsed Time
  6. Flow OS Summary
  7. Flow Log
  8. Flow Messages
  9. Flow Suppressed Messages



----------------
; Legal Notice ;
----------------
Copyright (C) 2017  Intel Corporation. All rights reserved.
Your use of Intel Corporation's design tools, logic functions 
and other software and tools, and its AMPP partner logic 
functions, and any output files from any of the foregoing 
(including device programming or simulation files), and any 
associated documentation or information are expressly subject 
to the terms and conditions of the Intel Program License 
Subscription Agreement, the Intel Quartus Prime License Agreement,
the Intel MegaCore Function License Agreement, or other 
applicable license agreement, including, without limitation, 
that your use is for the sole purpose of programming logic 
devices manufactured by Intel and sold by Intel or its 
authorized distributors.  Please refer to the applicable 
agreement for further details.



+----------------------------------------------------------------------------------+
; Flow Summary                                                                     ;
+------------------------------------+---------------------------------------------+
; Flow Status                        ; Successful - Wed Apr 19 00:02:15 2023       ;
; Quartus Prime Version              ; 17.0.0 Build 595 04/25/2017 SJ Lite Edition ;
; Revision Name                      ; DE2_115_NIOS_HOST_MOUSE_VGA                 ;
; Top-level Entity Name              ; DE2_115_NIOS_HOST_MOUSE_VGA                 ;
; Family                             ; Cyclone IV E                                ;
; Device                             ; EP4CE115F29C7                               ;
; Timing Models                      ; Final                                       ;
; Total logic elements               ; 7,943 / 114,480 ( 7 % )                     ;
;     Total combinational functions  ; 6,363 / 114,480 ( 6 % )                     ;
;     Dedicated logic registers      ; 5,499 / 114,480 ( 5 % )                     ;
; Total registers                    ; 5618                                        ;
; Total pins                         ; 525 / 529 ( 99 % )                          ;
; Total virtual pins                 ; 0                                           ;
; Total memory bits                  ; 87,621 / 3,981,312 ( 2 % )                  ;
; Embedded Multiplier 9-bit elements ; 6 / 532 ( 1 % )                             ;
; Total PLLs                         ; 1 / 4 ( 25 % )                              ;
+------------------------------------+---------------------------------------------+


+-------------------------------------------------+
; Flow Settings                                   ;
+-------------------+-----------------------------+
; Option            ; Setting                     ;
+-------------------+-----------------------------+
; Start date & time ; 04/18/2023 23:58:50         ;
; Main task         ; Compilation                 ;
; Revision Name     ; DE2_115_NIOS_HOST_MOUSE_VGA ;
+-------------------+-----------------------------+


+--------------------------------------------------------------------------------------------------------------------------------------------------+
; Flow Non-Default Global Settings                                                                                                                 ;
+-------------------------------------+----------------------------------------------------------------+---------------+--------------+------------+
; Assignment Name                     ; Value                                                          ; Default Value ; Entity Name  ; Section Id ;
+-------------------------------------+----------------------------------------------------------------+---------------+--------------+------------+
; COMPILER_SIGNATURE_ID               ; 84440849870358.168182632915388                                 ; --            ; --           ; --         ;
; MAX_CORE_JUNCTION_TEMP              ; 85                                                             ; --            ; --           ; --         ;
; MIN_CORE_JUNCTION_TEMP              ; 0                                                              ; --            ; --           ; --         ;
; MISC_FILE                           ; DE2_115_SOPC/synthesis/../DE2_115_SOPC.cmp                     ; --            ; --           ; --         ;
; MISC_FILE                           ; DE2_115_SOPC/synthesis/../../DE2_115_SOPC.qsys                 ; --            ; --           ; --         ;
; NUM_PARALLEL_PROCESSORS             ; 2                                                              ; --            ; --           ; --         ;
; PARTITION_COLOR                     ; -- (Not supported for targeted family)                         ; --            ; --           ; Top        ;
; PARTITION_FITTER_PRESERVATION_LEVEL ; -- (Not supported for targeted family)                         ; --            ; --           ; Top        ;
; PARTITION_NETLIST_TYPE              ; -- (Not supported for targeted family)                         ; --            ; --           ; Top        ;
; POWER_BOARD_THERMAL_MODEL           ; None (CONSERVATIVE)                                            ; --            ; --           ; --         ;
; POWER_PRESET_COOLING_SOLUTION       ; 23 MM HEAT SINK WITH 200 LFPM AIRFLOW                          ; --            ; --           ; --         ;
; SLD_FILE                            ; DE2_115_SOPC/synthesis/DE2_115_SOPC.regmap                     ; --            ; --           ; --         ;
; SLD_FILE                            ; DE2_115_SOPC/synthesis/DE2_115_SOPC.debuginfo                  ; --            ; --           ; --         ;
; SLD_INFO                            ; QSYS_NAME DE2_115_SOPC HAS_SOPCINFO 1 GENERATION_ID 1681825803 ; --            ; DE2_115_SOPC ; --         ;
; SMART_RECOMPILE                     ; On                                                             ; Off           ; --           ; --         ;
; SOPCINFO_FILE                       ; DE2_115_SOPC/synthesis/../../DE2_115_SOPC.sopcinfo             ; --            ; --           ; --         ;
; SYNTHESIS_ONLY_QIP                  ; On                                                             ; --            ; --           ; --         ;
+-------------------------------------+----------------------------------------------------------------+---------------+--------------+------------+


+-------------------------------------------------------------------------------------------------------------------------------+
; Flow Elapsed Time                                                                                                             ;
+---------------------------+--------------+-------------------------+---------------------+------------------------------------+
; Module Name               ; Elapsed Time ; Average Processors Used ; Peak Virtual Memory ; Total CPU Time (on all processors) ;
+---------------------------+--------------+-------------------------+---------------------+------------------------------------+
; Analysis & Synthesis      ; 00:01:26     ; 1.0                     ; 5121 MB             ; 00:01:49                           ;
; Fitter                    ; 00:01:42     ; 1.0                     ; 5581 MB             ; 00:02:10                           ;
; Assembler                 ; 00:00:06     ; 1.0                     ; 4728 MB             ; 00:00:06                           ;
; TimeQuest Timing Analyzer ; 00:00:11     ; 1.2                     ; 4950 MB             ; 00:00:11                           ;
; Total                     ; 00:03:25     ; --                      ; --                  ; 00:04:16                           ;
+---------------------------+--------------+-------------------------+---------------------+------------------------------------+


+-----------------------------------------------------------------------------------------+
; Flow OS Summary                                                                         ;
+---------------------------+------------------+------------+------------+----------------+
; Module Name               ; Machine Hostname ; OS Name    ; OS Version ; Processor type ;
+---------------------------+------------------+------------+------------+----------------+
; Analysis & Synthesis      ; DESKTOP-0U5JD54  ; Windows 10 ; 10.0       ; x86_64         ;
; Fitter                    ; DESKTOP-0U5JD54  ; Windows 10 ; 10.0       ; x86_64         ;
; Assembler                 ; DESKTOP-0U5JD54  ; Windows 10 ; 10.0       ; x86_64         ;
; TimeQuest Timing Analyzer ; DESKTOP-0U5JD54  ; Windows 10 ; 10.0       ; x86_64         ;
+---------------------------+------------------+------------+------------+----------------+


------------
; Flow Log ;
------------
quartus_map --read_settings_files=on --write_settings_files=off DE2_115_NIOS_HOST_MOUSE_VGA -c DE2_115_NIOS_HOST_MOUSE_VGA
quartus_fit --read_settings_files=off --write_settings_files=off DE2_115_NIOS_HOST_MOUSE_VGA -c DE2_115_NIOS_HOST_MOUSE_VGA
quartus_asm --read_settings_files=off --write_settings_files=off DE2_115_NIOS_HOST_MOUSE_VGA -c DE2_115_NIOS_HOST_MOUSE_VGA
quartus_sta DE2_115_NIOS_HOST_MOUSE_VGA -c DE2_115_NIOS_HOST_MOUSE_VGA



